00:35:29 **** Incremental Build of configuration Debug for project PROJEKT ****
make -j12 all 
arm-none-eabi-gcc "../Core/Src/SSD1289.c" -mcpu=cortex-m4 -std=gnu11 -g3 -DUSE_HAL_DRIVER -DDEBUG -DSTM32F407xx -c -I../Drivers/CMSIS/Include -I../Drivers/STM32F4xx_HAL_Driver/Inc -I../Core/Inc -I../Drivers/CMSIS/Device/ST/STM32F4xx/Include -I../Drivers/STM32F4xx_HAL_Driver/Inc/Legacy -O0 -ffunction-sections -fdata-sections -Wall -fstack-usage -MMD -MP -MF"Core/Src/SSD1289.d" -MT"Core/Src/SSD1289.o" --specs=nano.specs -mfpu=fpv4-sp-d16 -mfloat-abi=hard -mthumb -o "Core/Src/SSD1289.o"
../Core/Src/SSD1289.c:20:1: error: unknown type name 'TIM_TimeBaseInitTypeDef'; did you mean 'FLASH_EraseInitTypeDef'?
 TIM_TimeBaseInitTypeDef  TIM_TimeBaseStructure;
 ^~~~~~~~~~~~~~~~~~~~~~~
 FLASH_EraseInitTypeDef
../Core/Src/SSD1289.c:21:1: error: unknown type name 'TIM_OCInitTypeDef'; did you mean 'DMA_InitTypeDef'?
 TIM_OCInitTypeDef  TIM_OCInitStructure;
 ^~~~~~~~~~~~~~~~~
 DMA_InitTypeDef
../Core/Src/SSD1289.c: In function 'LCD_CtrlLinesConfig':
../Core/Src/SSD1289.c:555:3: warning: implicit declaration of function 'RCC_AHB1PeriphClockCmd' [-Wimplicit-function-declaration]
   RCC_AHB1PeriphClockCmd(RCC_AHB1Periph_GPIOD | RCC_AHB1Periph_GPIOG |
   ^~~~~~~~~~~~~~~~~~~~~~
../Core/Src/SSD1289.c:555:26: error: 'RCC_AHB1Periph_GPIOD' undeclared (first use in this function); did you mean 'RCC_AHB1ENR_GPIODEN'?
   RCC_AHB1PeriphClockCmd(RCC_AHB1Periph_GPIOD | RCC_AHB1Periph_GPIOG |
                          ^~~~~~~~~~~~~~~~~~~~
                          RCC_AHB1ENR_GPIODEN
../Core/Src/SSD1289.c:555:26: note: each undeclared identifier is reported only once for each function it appears in
../Core/Src/SSD1289.c:555:49: error: 'RCC_AHB1Periph_GPIOG' undeclared (first use in this function); did you mean 'RCC_AHB1Periph_GPIOD'?
   RCC_AHB1PeriphClockCmd(RCC_AHB1Periph_GPIOD | RCC_AHB1Periph_GPIOG |
                                                 ^~~~~~~~~~~~~~~~~~~~
                                                 RCC_AHB1Periph_GPIOD
../Core/Src/SSD1289.c:556:10: error: 'RCC_AHB1Periph_GPIOE' undeclared (first use in this function); did you mean 'RCC_AHB1Periph_GPIOG'?
          RCC_AHB1Periph_GPIOE | RCC_AHB1Periph_GPIOF,
          ^~~~~~~~~~~~~~~~~~~~
          RCC_AHB1Periph_GPIOG
../Core/Src/SSD1289.c:556:33: error: 'RCC_AHB1Periph_GPIOF' undeclared (first use in this function); did you mean 'RCC_AHB1Periph_GPIOE'?
          RCC_AHB1Periph_GPIOE | RCC_AHB1Periph_GPIOF,
                                 ^~~~~~~~~~~~~~~~~~~~
                                 RCC_AHB1Periph_GPIOE
../Core/Src/SSD1289.c:558:3: warning: implicit declaration of function 'RCC_AHB3PeriphClockCmd' [-Wimplicit-function-declaration]
   RCC_AHB3PeriphClockCmd(RCC_AHB3Periph_FSMC, ENABLE);
   ^~~~~~~~~~~~~~~~~~~~~~
../Core/Src/SSD1289.c:558:26: error: 'RCC_AHB3Periph_FSMC' undeclared (first use in this function); did you mean 'RCC_AHB1Periph_GPIOF'?
   RCC_AHB3PeriphClockCmd(RCC_AHB3Periph_FSMC, ENABLE);
                          ^~~~~~~~~~~~~~~~~~~
                          RCC_AHB1Periph_GPIOF
../Core/Src/SSD1289.c:560:3: warning: implicit declaration of function 'GPIO_PinAFConfig'; did you mean 'TIM_Config'? [-Wimplicit-function-declaration]
   GPIO_PinAFConfig(GPIOD, GPIO_PinSource0, GPIO_AF_FSMC);  // D2
   ^~~~~~~~~~~~~~~~
   TIM_Config
../Core/Src/SSD1289.c:560:27: error: 'GPIO_PinSource0' undeclared (first use in this function); did you mean 'GPIO_PinState'?
   GPIO_PinAFConfig(GPIOD, GPIO_PinSource0, GPIO_AF_FSMC);  // D2
                           ^~~~~~~~~~~~~~~
                           GPIO_PinState
../Core/Src/SSD1289.c:560:44: error: 'GPIO_AF_FSMC' undeclared (first use in this function); did you mean 'GPIO_AF12_FSMC'?
   GPIO_PinAFConfig(GPIOD, GPIO_PinSource0, GPIO_AF_FSMC);  // D2
                                            ^~~~~~~~~~~~
                                            GPIO_AF12_FSMC
../Core/Src/SSD1289.c:561:27: error: 'GPIO_PinSource1' undeclared (first use in this function); did you mean 'GPIO_PinSource0'?
   GPIO_PinAFConfig(GPIOD, GPIO_PinSource1, GPIO_AF_FSMC);  // D3
                           ^~~~~~~~~~~~~~~
                           GPIO_PinSource0
../Core/Src/SSD1289.c:562:27: error: 'GPIO_PinSource4' undeclared (first use in this function); did you mean 'GPIO_PinSource1'?
   GPIO_PinAFConfig(GPIOD, GPIO_PinSource4, GPIO_AF_FSMC);  // NOE -> RD
                           ^~~~~~~~~~~~~~~
                           GPIO_PinSource1
../Core/Src/SSD1289.c:563:27: error: 'GPIO_PinSource5' undeclared (first use in this function); did you mean 'GPIO_PinSource4'?
   GPIO_PinAFConfig(GPIOD, GPIO_PinSource5, GPIO_AF_FSMC);  // NWE -> WR
                           ^~~~~~~~~~~~~~~
                           GPIO_PinSource4
../Core/Src/SSD1289.c:564:27: error: 'GPIO_PinSource7' undeclared (first use in this function); did you mean 'GPIO_PinSource5'?
   GPIO_PinAFConfig(GPIOD, GPIO_PinSource7, GPIO_AF_FSMC);  // NE1 -> CS
                           ^~~~~~~~~~~~~~~
                           GPIO_PinSource5
../Core/Src/SSD1289.c:565:27: error: 'GPIO_PinSource8' undeclared (first use in this function); did you mean 'GPIO_PinSource7'?
   GPIO_PinAFConfig(GPIOD, GPIO_PinSource8, GPIO_AF_FSMC);  // D13
                           ^~~~~~~~~~~~~~~
                           GPIO_PinSource7
../Core/Src/SSD1289.c:566:27: error: 'GPIO_PinSource9' undeclared (first use in this function); did you mean 'GPIO_PinSource8'?
   GPIO_PinAFConfig(GPIOD, GPIO_PinSource9, GPIO_AF_FSMC);  // D14
                           ^~~~~~~~~~~~~~~
                           GPIO_PinSource8
../Core/Src/SSD1289.c:567:27: error: 'GPIO_PinSource10' undeclared (first use in this function); did you mean 'GPIO_PinSource1'?
   GPIO_PinAFConfig(GPIOD, GPIO_PinSource10, GPIO_AF_FSMC);  // D15
                           ^~~~~~~~~~~~~~~~
                           GPIO_PinSource1
../Core/Src/SSD1289.c:568:27: error: 'GPIO_PinSource11' undeclared (first use in this function); did you mean 'GPIO_PinSource10'?
   GPIO_PinAFConfig(GPIOD, GPIO_PinSource11, GPIO_AF_FSMC);  // A16 -> RS
                           ^~~~~~~~~~~~~~~~
                           GPIO_PinSource10
../Core/Src/SSD1289.c:569:27: error: 'GPIO_PinSource14' undeclared (first use in this function); did you mean 'GPIO_PinSource11'?
   GPIO_PinAFConfig(GPIOD, GPIO_PinSource14, GPIO_AF_FSMC);  // D0
                           ^~~~~~~~~~~~~~~~
                           GPIO_PinSource11
../Core/Src/SSD1289.c:570:27: error: 'GPIO_PinSource15' undeclared (first use in this function); did you mean 'GPIO_PinSource14'?
   GPIO_PinAFConfig(GPIOD, GPIO_PinSource15, GPIO_AF_FSMC);  // D1
                           ^~~~~~~~~~~~~~~~
                           GPIO_PinSource14
../Core/Src/SSD1289.c:577:27: error: 'GPIO_PinSource12' undeclared (first use in this function); did you mean 'GPIO_PinSource15'?
   GPIO_PinAFConfig(GPIOE, GPIO_PinSource12, GPIO_AF_FSMC);  // D9
                           ^~~~~~~~~~~~~~~~
                           GPIO_PinSource15
../Core/Src/SSD1289.c:578:27: error: 'GPIO_PinSource13' undeclared (first use in this function); did you mean 'GPIO_PinSource12'?
   GPIO_PinAFConfig(GPIOE, GPIO_PinSource13, GPIO_AF_FSMC);  // D10
                           ^~~~~~~~~~~~~~~~
                           GPIO_PinSource12
../Core/Src/SSD1289.c:582:21: error: 'GPIO_InitTypeDef {aka struct <anonymous>}' has no member named 'GPIO_Pin'
   GPIO_InitStructure.GPIO_Pin = GPIO_Pin_0 | GPIO_Pin_1 | GPIO_Pin_4 | GPIO_Pin_5 |
                     ^
../Core/Src/SSD1289.c:582:33: error: 'GPIO_Pin_0' undeclared (first use in this function); did you mean 'GPIO_PIN_0'?
   GPIO_InitStructure.GPIO_Pin = GPIO_Pin_0 | GPIO_Pin_1 | GPIO_Pin_4 | GPIO_Pin_5 |
                                 ^~~~~~~~~~
                                 GPIO_PIN_0
../Core/Src/SSD1289.c:582:46: error: 'GPIO_Pin_1' undeclared (first use in this function); did you mean 'GPIO_Pin_0'?
   GPIO_InitStructure.GPIO_Pin = GPIO_Pin_0 | GPIO_Pin_1 | GPIO_Pin_4 | GPIO_Pin_5 |
                                              ^~~~~~~~~~
                                              GPIO_Pin_0
../Core/Src/SSD1289.c:582:59: error: 'GPIO_Pin_4' undeclared (first use in this function); did you mean 'GPIO_Pin_1'?
   GPIO_InitStructure.GPIO_Pin = GPIO_Pin_0 | GPIO_Pin_1 | GPIO_Pin_4 | GPIO_Pin_5 |
                                                           ^~~~~~~~~~
                                                           GPIO_Pin_1
../Core/Src/SSD1289.c:582:72: error: 'GPIO_Pin_5' undeclared (first use in this function); did you mean 'GPIO_Pin_4'?
   GPIO_InitStructure.GPIO_Pin = GPIO_Pin_0 | GPIO_Pin_1 | GPIO_Pin_4 | GPIO_Pin_5 |
                                                                        ^~~~~~~~~~
                                                                        GPIO_Pin_4
../Core/Src/SSD1289.c:583:35: error: 'GPIO_Pin_7' undeclared (first use in this function); did you mean 'GPIO_Pin_5'?
                                   GPIO_Pin_7 | GPIO_Pin_8 | GPIO_Pin_9 | GPIO_Pin_10 |
                                   ^~~~~~~~~~
                                   GPIO_Pin_5
../Core/Src/SSD1289.c:583:48: error: 'GPIO_Pin_8' undeclared (first use in this function); did you mean 'GPIO_Pin_7'?
                                   GPIO_Pin_7 | GPIO_Pin_8 | GPIO_Pin_9 | GPIO_Pin_10 |
                                                ^~~~~~~~~~
                                                GPIO_Pin_7
../Core/Src/SSD1289.c:583:61: error: 'GPIO_Pin_9' undeclared (first use in this function); did you mean 'GPIO_Pin_8'?
                                   GPIO_Pin_7 | GPIO_Pin_8 | GPIO_Pin_9 | GPIO_Pin_10 |
                                                             ^~~~~~~~~~
                                                             GPIO_Pin_8
../Core/Src/SSD1289.c:583:74: error: 'GPIO_Pin_10' undeclared (first use in this function); did you mean 'GPIO_Pin_1'?
                                   GPIO_Pin_7 | GPIO_Pin_8 | GPIO_Pin_9 | GPIO_Pin_10 |
                                                                          ^~~~~~~~~~~
                                                                          GPIO_Pin_1
../Core/Src/SSD1289.c:584:35: error: 'GPIO_Pin_11' undeclared (first use in this function); did you mean 'GPIO_Pin_10'?
                                   GPIO_Pin_11 | GPIO_Pin_14 | GPIO_Pin_15;
                                   ^~~~~~~~~~~
                                   GPIO_Pin_10
../Core/Src/SSD1289.c:584:49: error: 'GPIO_Pin_14' undeclared (first use in this function); did you mean 'GPIO_Pin_11'?
                                   GPIO_Pin_11 | GPIO_Pin_14 | GPIO_Pin_15;
                                                 ^~~~~~~~~~~
                                                 GPIO_Pin_11
../Core/Src/SSD1289.c:584:63: error: 'GPIO_Pin_15' undeclared (first use in this function); did you mean 'GPIO_Pin_14'?
                                   GPIO_Pin_11 | GPIO_Pin_14 | GPIO_Pin_15;
                                                               ^~~~~~~~~~~
                                                               GPIO_Pin_14
../Core/Src/SSD1289.c:586:21: error: 'GPIO_InitTypeDef {aka struct <anonymous>}' has no member named 'GPIO_Mode'
   GPIO_InitStructure.GPIO_Mode = GPIO_Mode_AF;
                     ^
../Core/Src/SSD1289.c:586:34: error: 'GPIO_Mode_AF' undeclared (first use in this function); did you mean 'GPIO_Pin_15'?
   GPIO_InitStructure.GPIO_Mode = GPIO_Mode_AF;
                                  ^~~~~~~~~~~~
                                  GPIO_Pin_15
../Core/Src/SSD1289.c:587:22: error: 'GPIO_InitTypeDef {aka struct <anonymous>}' has no member named 'GPIO_Speed'; did you mean 'Speed'?
   GPIO_InitStructure.GPIO_Speed = GPIO_Speed_100MHz;
                      ^~~~~~~~~~
                      Speed
../Core/Src/SSD1289.c:587:35: error: 'GPIO_Speed_100MHz' undeclared (first use in this function)
   GPIO_InitStructure.GPIO_Speed = GPIO_Speed_100MHz;
                                   ^~~~~~~~~~~~~~~~~
../Core/Src/SSD1289.c:588:21: error: 'GPIO_InitTypeDef {aka struct <anonymous>}' has no member named 'GPIO_OType'
   GPIO_InitStructure.GPIO_OType = GPIO_OType_PP;
                     ^
../Core/Src/SSD1289.c:588:35: error: 'GPIO_OType_PP' undeclared (first use in this function); did you mean 'GPIO_TypeDef'?
   GPIO_InitStructure.GPIO_OType = GPIO_OType_PP;
                                   ^~~~~~~~~~~~~
                                   GPIO_TypeDef
../Core/Src/SSD1289.c:589:21: error: 'GPIO_InitTypeDef {aka struct <anonymous>}' has no member named 'GPIO_PuPd'
   GPIO_InitStructure.GPIO_PuPd  = GPIO_PuPd_NOPULL;
                     ^
../Core/Src/SSD1289.c:589:35: error: 'GPIO_PuPd_NOPULL' undeclared (first use in this function); did you mean 'GPIO_NOPULL'?
   GPIO_InitStructure.GPIO_PuPd  = GPIO_PuPd_NOPULL;
                                   ^~~~~~~~~~~~~~~~
                                   GPIO_NOPULL
../Core/Src/SSD1289.c:590:3: warning: implicit declaration of function 'GPIO_Init'; did you mean 'LCD_Init'? [-Wimplicit-function-declaration]
   GPIO_Init(GPIOD, &GPIO_InitStructure);
   ^~~~~~~~~
   LCD_Init
../Core/Src/SSD1289.c:592:21: error: 'GPIO_InitTypeDef {aka struct <anonymous>}' has no member named 'GPIO_Pin'
   GPIO_InitStructure.GPIO_Pin = GPIO_Pin_7 | GPIO_Pin_8 | GPIO_Pin_9 | GPIO_Pin_10 |
                     ^
../Core/Src/SSD1289.c:593:49: error: 'GPIO_Pin_12' undeclared (first use in this function); did you mean 'GPIO_Pin_15'?
                                   GPIO_Pin_11 | GPIO_Pin_12 | GPIO_Pin_13 | GPIO_Pin_14 |
                                                 ^~~~~~~~~~~
                                                 GPIO_Pin_15
../Core/Src/SSD1289.c:593:63: error: 'GPIO_Pin_13' undeclared (first use in this function); did you mean 'GPIO_Pin_12'?
                                   GPIO_Pin_11 | GPIO_Pin_12 | GPIO_Pin_13 | GPIO_Pin_14 |
                                                               ^~~~~~~~~~~
                                                               GPIO_Pin_12
../Core/Src/SSD1289.c:596:21: error: 'GPIO_InitTypeDef {aka struct <anonymous>}' has no member named 'GPIO_Mode'
   GPIO_InitStructure.GPIO_Mode = GPIO_Mode_AF;
                     ^
../Core/Src/SSD1289.c:597:22: error: 'GPIO_InitTypeDef {aka struct <anonymous>}' has no member named 'GPIO_Speed'; did you mean 'Speed'?
   GPIO_InitStructure.GPIO_Speed = GPIO_Speed_100MHz;
                      ^~~~~~~~~~
                      Speed
../Core/Src/SSD1289.c:598:21: error: 'GPIO_InitTypeDef {aka struct <anonymous>}' has no member named 'GPIO_OType'
   GPIO_InitStructure.GPIO_OType = GPIO_OType_PP;
                     ^
../Core/Src/SSD1289.c:599:21: error: 'GPIO_InitTypeDef {aka struct <anonymous>}' has no member named 'GPIO_PuPd'
   GPIO_InitStructure.GPIO_PuPd  = GPIO_PuPd_NOPULL;
                     ^
../Core/Src/SSD1289.c: In function 'LCD_FSMCConfig':
../Core/Src/SSD1289.c:608:3: error: unknown type name 'FSMC_NORSRAMInitTypeDef'; did you mean 'FSMC_NORSRAM_InitTypeDef'?
   FSMC_NORSRAMInitTypeDef  FSMC_NORSRAMInitStructure;
   ^~~~~~~~~~~~~~~~~~~~~~~
   FSMC_NORSRAM_InitTypeDef
../Core/Src/SSD1289.c:609:3: error: unknown type name 'FSMC_NORSRAMTimingInitTypeDef'; did you mean 'FSMC_NORSRAM_TimingTypeDef'?
   FSMC_NORSRAMTimingInitTypeDef FSMC_NORSRAMTimingInitStructure;
   ^~~~~~~~~~~~~~~~~~~~~~~~~~~~~
   FSMC_NORSRAM_TimingTypeDef
../Core/Src/SSD1289.c:610:34: error: request for member 'FSMC_AddressSetupTime' in something not a structure or union
   FSMC_NORSRAMTimingInitStructure.FSMC_AddressSetupTime = 0;  //0
                                  ^
../Core/Src/SSD1289.c:611:34: error: request for member 'FSMC_AddressHoldTime' in something not a structure or union
   FSMC_NORSRAMTimingInitStructure.FSMC_AddressHoldTime = 0;   //0
                                  ^
../Core/Src/SSD1289.c:612:34: error: request for member 'FSMC_DataSetupTime' in something not a structure or union
   FSMC_NORSRAMTimingInitStructure.FSMC_DataSetupTime = 2;     //3
                                  ^
../Core/Src/SSD1289.c:613:34: error: request for member 'FSMC_BusTurnAroundDuration' in something not a structure or union
   FSMC_NORSRAMTimingInitStructure.FSMC_BusTurnAroundDuration = 0;
                                  ^
../Core/Src/SSD1289.c:614:34: error: request for member 'FSMC_CLKDivision' in something not a structure or union
   FSMC_NORSRAMTimingInitStructure.FSMC_CLKDivision = 1;//1
                                  ^
../Core/Src/SSD1289.c:615:34: error: request for member 'FSMC_DataLatency' in something not a structure or union
   FSMC_NORSRAMTimingInitStructure.FSMC_DataLatency = 0;
                                  ^
../Core/Src/SSD1289.c:616:34: error: request for member 'FSMC_AccessMode' in something not a structure or union
   FSMC_NORSRAMTimingInitStructure.FSMC_AccessMode = FSMC_AccessMode_A;
                                  ^
../Core/Src/SSD1289.c:616:53: error: 'FSMC_AccessMode_A' undeclared (first use in this function); did you mean 'FSMC_ACCESS_MODE_A'?
   FSMC_NORSRAMTimingInitStructure.FSMC_AccessMode = FSMC_AccessMode_A;
                                                     ^~~~~~~~~~~~~~~~~
                                                     FSMC_ACCESS_MODE_A
../Core/Src/SSD1289.c:618:28: error: request for member 'FSMC_Bank' in something not a structure or union
   FSMC_NORSRAMInitStructure.FSMC_Bank = FSMC_Bank1_NORSRAM1;
                            ^
../Core/Src/SSD1289.c:618:41: error: 'FSMC_Bank1_NORSRAM1' undeclared (first use in this function); did you mean 'FSMC_Bank1_R_BASE'?
   FSMC_NORSRAMInitStructure.FSMC_Bank = FSMC_Bank1_NORSRAM1;
                                         ^~~~~~~~~~~~~~~~~~~
                                         FSMC_Bank1_R_BASE
../Core/Src/SSD1289.c:619:28: error: request for member 'FSMC_DataAddressMux' in something not a structure or union
   FSMC_NORSRAMInitStructure.FSMC_DataAddressMux = FSMC_DataAddressMux_Disable;
                            ^
../Core/Src/SSD1289.c:619:51: error: 'FSMC_DataAddressMux_Disable' undeclared (first use in this function); did you mean 'FSMC_NAND_ECC_Disable'?
   FSMC_NORSRAMInitStructure.FSMC_DataAddressMux = FSMC_DataAddressMux_Disable;
                                                   ^~~~~~~~~~~~~~~~~~~~~~~~~~~
                                                   FSMC_NAND_ECC_Disable
../Core/Src/SSD1289.c:620:28: error: request for member 'FSMC_MemoryType' in something not a structure or union
   FSMC_NORSRAMInitStructure.FSMC_MemoryType = FSMC_MemoryType_SRAM;
                            ^
../Core/Src/SSD1289.c:620:47: error: 'FSMC_MemoryType_SRAM' undeclared (first use in this function); did you mean 'FSMC_MEMORY_TYPE_SRAM'?
   FSMC_NORSRAMInitStructure.FSMC_MemoryType = FSMC_MemoryType_SRAM;
                                               ^~~~~~~~~~~~~~~~~~~~
                                               FSMC_MEMORY_TYPE_SRAM
../Core/Src/SSD1289.c:621:28: error: request for member 'FSMC_MemoryDataWidth' in something not a structure or union
   FSMC_NORSRAMInitStructure.FSMC_MemoryDataWidth = FSMC_MemoryDataWidth_16b;
                            ^
../Core/Src/SSD1289.c:621:52: error: 'FSMC_MemoryDataWidth_16b' undeclared (first use in this function)
   FSMC_NORSRAMInitStructure.FSMC_MemoryDataWidth = FSMC_MemoryDataWidth_16b;
                                                    ^~~~~~~~~~~~~~~~~~~~~~~~
../Core/Src/SSD1289.c:622:28: error: request for member 'FSMC_BurstAccessMode' in something not a structure or union
   FSMC_NORSRAMInitStructure.FSMC_BurstAccessMode = FSMC_BurstAccessMode_Disable;
                            ^
../Core/Src/SSD1289.c:622:52: error: 'FSMC_BurstAccessMode_Disable' undeclared (first use in this function); did you mean 'FSMC_DataAddressMux_Disable'?
   FSMC_NORSRAMInitStructure.FSMC_BurstAccessMode = FSMC_BurstAccessMode_Disable;
                                                    ^~~~~~~~~~~~~~~~~~~~~~~~~~~~
                                                    FSMC_DataAddressMux_Disable
../Core/Src/SSD1289.c:623:28: error: request for member 'FSMC_WaitSignalPolarity' in something not a structure or union
   FSMC_NORSRAMInitStructure.FSMC_WaitSignalPolarity = FSMC_WaitSignalPolarity_Low;
                            ^
../Core/Src/SSD1289.c:623:55: error: 'FSMC_WaitSignalPolarity_Low' undeclared (first use in this function)
   FSMC_NORSRAMInitStructure.FSMC_WaitSignalPolarity = FSMC_WaitSignalPolarity_Low;
                                                       ^~~~~~~~~~~~~~~~~~~~~~~~~~~
../Core/Src/SSD1289.c:624:28: error: request for member 'FSMC_WrapMode' in something not a structure or union
   FSMC_NORSRAMInitStructure.FSMC_WrapMode = FSMC_WrapMode_Disable;
                            ^
../Core/Src/SSD1289.c:624:45: error: 'FSMC_WrapMode_Disable' undeclared (first use in this function); did you mean 'FSMC_NAND_ECC_Disable'?
   FSMC_NORSRAMInitStructure.FSMC_WrapMode = FSMC_WrapMode_Disable;
                                             ^~~~~~~~~~~~~~~~~~~~~
                                             FSMC_NAND_ECC_Disable
../Core/Src/SSD1289.c:625:28: error: request for member 'FSMC_WaitSignalActive' in something not a structure or union
   FSMC_NORSRAMInitStructure.FSMC_WaitSignalActive = FSMC_WaitSignalActive_BeforeWaitState;
                            ^
../Core/Src/SSD1289.c:625:53: error: 'FSMC_WaitSignalActive_BeforeWaitState' undeclared (first use in this function)
   FSMC_NORSRAMInitStructure.FSMC_WaitSignalActive = FSMC_WaitSignalActive_BeforeWaitState;
                                                     ^~~~~~~~~~~~~~~~~~~~~~~~~~~~~~~~~~~~~
../Core/Src/SSD1289.c:626:28: error: request for member 'FSMC_WriteOperation' in something not a structure or union
   FSMC_NORSRAMInitStructure.FSMC_WriteOperation = FSMC_WriteOperation_Enable;
                            ^
../Core/Src/SSD1289.c:626:51: error: 'FSMC_WriteOperation_Enable' undeclared (first use in this function); did you mean 'HAL_SRAM_WriteOperation_Enable'?
   FSMC_NORSRAMInitStructure.FSMC_WriteOperation = FSMC_WriteOperation_Enable;
                                                   ^~~~~~~~~~~~~~~~~~~~~~~~~~
                                                   HAL_SRAM_WriteOperation_Enable
../Core/Src/SSD1289.c:627:28: error: request for member 'FSMC_WaitSignal' in something not a structure or union
   FSMC_NORSRAMInitStructure.FSMC_WaitSignal = FSMC_WaitSignal_Disable;
                            ^
../Core/Src/SSD1289.c:627:47: error: 'FSMC_WaitSignal_Disable' undeclared (first use in this function); did you mean 'FSMC_WrapMode_Disable'?
   FSMC_NORSRAMInitStructure.FSMC_WaitSignal = FSMC_WaitSignal_Disable;
                                               ^~~~~~~~~~~~~~~~~~~~~~~
                                               FSMC_WrapMode_Disable
../Core/Src/SSD1289.c:628:28: error: request for member 'FSMC_AsynchronousWait' in something not a structure or union
   FSMC_NORSRAMInitStructure.FSMC_AsynchronousWait = FSMC_AsynchronousWait_Disable;
                            ^
../Core/Src/SSD1289.c:628:53: error: 'FSMC_AsynchronousWait_Disable' undeclared (first use in this function); did you mean 'FSMC_WaitSignal_Disable'?
   FSMC_NORSRAMInitStructure.FSMC_AsynchronousWait = FSMC_AsynchronousWait_Disable;
                                                     ^~~~~~~~~~~~~~~~~~~~~~~~~~~~~
                                                     FSMC_WaitSignal_Disable
../Core/Src/SSD1289.c:629:28: error: request for member 'FSMC_ExtendedMode' in something not a structure or union
   FSMC_NORSRAMInitStructure.FSMC_ExtendedMode = FSMC_ExtendedMode_Disable;
                            ^
../Core/Src/SSD1289.c:629:49: error: 'FSMC_ExtendedMode_Disable' undeclared (first use in this function); did you mean 'FSMC_WrapMode_Disable'?
   FSMC_NORSRAMInitStructure.FSMC_ExtendedMode = FSMC_ExtendedMode_Disable;
                                                 ^~~~~~~~~~~~~~~~~~~~~~~~~
                                                 FSMC_WrapMode_Disable
../Core/Src/SSD1289.c:630:28: error: request for member 'FSMC_WriteBurst' in something not a structure or union
   FSMC_NORSRAMInitStructure.FSMC_WriteBurst = FSMC_WriteBurst_Enable;//disable
                            ^
../Core/Src/SSD1289.c:630:47: error: 'FSMC_WriteBurst_Enable' undeclared (first use in this function); did you mean 'FSMC_WriteOperation_Enable'?
   FSMC_NORSRAMInitStructure.FSMC_WriteBurst = FSMC_WriteBurst_Enable;//disable
                                               ^~~~~~~~~~~~~~~~~~~~~~
                                               FSMC_WriteOperation_Enable
../Core/Src/SSD1289.c:631:28: error: request for member 'FSMC_ReadWriteTimingStruct' in something not a structure or union
   FSMC_NORSRAMInitStructure.FSMC_ReadWriteTimingStruct = &FSMC_NORSRAMTimingInitStructure;
                            ^
../Core/Src/SSD1289.c:633:3: warning: implicit declaration of function 'FSMC_NORSRAMInit'; did you mean 'FSMC_NORSRAM_Init'? [-Wimplicit-function-declaration]
   FSMC_NORSRAMInit(&FSMC_NORSRAMInitStructure);
   ^~~~~~~~~~~~~~~~
   FSMC_NORSRAM_Init
../Core/Src/SSD1289.c:634:34: error: request for member 'FSMC_AddressSetupTime' in something not a structure or union
   FSMC_NORSRAMTimingInitStructure.FSMC_AddressSetupTime = 0;    //0
                                  ^
../Core/Src/SSD1289.c:635:34: error: request for member 'FSMC_AddressHoldTime' in something not a structure or union
   FSMC_NORSRAMTimingInitStructure.FSMC_AddressHoldTime = 0; //0
                                  ^
../Core/Src/SSD1289.c:636:34: error: request for member 'FSMC_DataSetupTime' in something not a structure or union
   FSMC_NORSRAMTimingInitStructure.FSMC_DataSetupTime = 4; //3
                                  ^
../Core/Src/SSD1289.c:637:34: error: request for member 'FSMC_BusTurnAroundDuration' in something not a structure or union
   FSMC_NORSRAMTimingInitStructure.FSMC_BusTurnAroundDuration = 0;
                                  ^
../Core/Src/SSD1289.c:638:34: error: request for member 'FSMC_CLKDivision' in something not a structure or union
   FSMC_NORSRAMTimingInitStructure.FSMC_CLKDivision = 1;//1
                                  ^
../Core/Src/SSD1289.c:639:34: error: request for member 'FSMC_DataLatency' in something not a structure or union
   FSMC_NORSRAMTimingInitStructure.FSMC_DataLatency = 0;
                                  ^
../Core/Src/SSD1289.c:640:34: error: request for member 'FSMC_AccessMode' in something not a structure or union
   FSMC_NORSRAMTimingInitStructure.FSMC_AccessMode = FSMC_AccessMode_A;
                                  ^
../Core/Src/SSD1289.c:641:28: error: request for member 'FSMC_WriteTimingStruct' in something not a structure or union
   FSMC_NORSRAMInitStructure.FSMC_WriteTimingStruct = &FSMC_NORSRAMTimingInitStructure;
                            ^
../Core/Src/SSD1289.c:644:3: warning: implicit declaration of function 'FSMC_NORSRAMCmd'; did you mean 'FSMC_NORSRAM_Init'? [-Wimplicit-function-declaration]
   FSMC_NORSRAMCmd(FSMC_Bank1_NORSRAM1, ENABLE);
   ^~~~~~~~~~~~~~~
   FSMC_NORSRAM_Init
../Core/Src/SSD1289.c: In function 'LCD_BackLight':
../Core/Src/SSD1289.c:821:24: error: request for member 'TIM_Period' in something not a structure or union
   TIM_TimeBaseStructure.TIM_Period = TimerPeriod;
                        ^
../Core/Src/SSD1289.c:822:22: error: request for member 'TIM_Pulse' in something not a structure or union
   TIM_OCInitStructure.TIM_Pulse = Channel3Pulse;
                      ^
../Core/Src/SSD1289.c:823:3: warning: implicit declaration of function 'TIM_OC3Init'; did you mean 'TIM_Config'? [-Wimplicit-function-declaration]
   TIM_OC3Init(TIM1, &TIM_OCInitStructure);
   ^~~~~~~~~~~
   TIM_Config
../Core/Src/SSD1289.c: In function 'TIM_Config':
../Core/Src/SSD1289.c:829:27: error: 'RCC_AHB1Periph_GPIOA' undeclared (first use in this function); did you mean 'RCC_AHB1ENR_GPIOAEN'?
   RCC_AHB1PeriphClockCmd( RCC_AHB1Periph_GPIOA  , ENABLE);
                           ^~~~~~~~~~~~~~~~~~~~
                           RCC_AHB1ENR_GPIOAEN
../Core/Src/SSD1289.c:830:21: error: 'GPIO_InitTypeDef {aka struct <anonymous>}' has no member named 'GPIO_Pin'
   GPIO_InitStructure.GPIO_Pin = GPIO_Pin_10;
                     ^
../Core/Src/SSD1289.c:830:33: error: 'GPIO_Pin_10' undeclared (first use in this function); did you mean 'GPIO_PIN_10'?
   GPIO_InitStructure.GPIO_Pin = GPIO_Pin_10;
                                 ^~~~~~~~~~~
                                 GPIO_PIN_10
../Core/Src/SSD1289.c:831:21: error: 'GPIO_InitTypeDef {aka struct <anonymous>}' has no member named 'GPIO_Mode'
   GPIO_InitStructure.GPIO_Mode = GPIO_Mode_AF;
                     ^
../Core/Src/SSD1289.c:831:34: error: 'GPIO_Mode_AF' undeclared (first use in this function); did you mean 'GPIO_Pin_10'?
   GPIO_InitStructure.GPIO_Mode = GPIO_Mode_AF;
                                  ^~~~~~~~~~~~
                                  GPIO_Pin_10
../Core/Src/SSD1289.c:832:22: error: 'GPIO_InitTypeDef {aka struct <anonymous>}' has no member named 'GPIO_Speed'; did you mean 'Speed'?
   GPIO_InitStructure.GPIO_Speed = GPIO_Speed_100MHz;
                      ^~~~~~~~~~
                      Speed
../Core/Src/SSD1289.c:832:35: error: 'GPIO_Speed_100MHz' undeclared (first use in this function)
   GPIO_InitStructure.GPIO_Speed = GPIO_Speed_100MHz;
                                   ^~~~~~~~~~~~~~~~~
../Core/Src/SSD1289.c:833:21: error: 'GPIO_InitTypeDef {aka struct <anonymous>}' has no member named 'GPIO_OType'
   GPIO_InitStructure.GPIO_OType = GPIO_OType_PP;
                     ^
../Core/Src/SSD1289.c:833:35: error: 'GPIO_OType_PP' undeclared (first use in this function); did you mean 'GPIO_TypeDef'?
   GPIO_InitStructure.GPIO_OType = GPIO_OType_PP;
                                   ^~~~~~~~~~~~~
                                   GPIO_TypeDef
../Core/Src/SSD1289.c:834:21: error: 'GPIO_InitTypeDef {aka struct <anonymous>}' has no member named 'GPIO_PuPd'
   GPIO_InitStructure.GPIO_PuPd = GPIO_PuPd_UP ;
                     ^
../Core/Src/SSD1289.c:834:34: error: 'GPIO_PuPd_UP' undeclared (first use in this function); did you mean 'GPIO_PULLUP'?
   GPIO_InitStructure.GPIO_PuPd = GPIO_PuPd_UP ;
                                  ^~~~~~~~~~~~
                                  GPIO_PULLUP
../Core/Src/SSD1289.c:836:27: error: 'GPIO_PinSource10' undeclared (first use in this function); did you mean 'GPIO_Pin_10'?
   GPIO_PinAFConfig(GPIOA, GPIO_PinSource10, GPIO_AF_TIM1);
                           ^~~~~~~~~~~~~~~~
                           GPIO_Pin_10
../Core/Src/SSD1289.c:836:45: error: 'GPIO_AF_TIM1' undeclared (first use in this function); did you mean 'GPIO_AF1_TIM1'?
   GPIO_PinAFConfig(GPIOA, GPIO_PinSource10, GPIO_AF_TIM1);
                                             ^~~~~~~~~~~~
                                             GPIO_AF1_TIM1
../Core/Src/SSD1289.c:839:3: warning: implicit declaration of function 'RCC_APB2PeriphClockCmd' [-Wimplicit-function-declaration]
   RCC_APB2PeriphClockCmd(RCC_APB2Periph_TIM1 , ENABLE);
   ^~~~~~~~~~~~~~~~~~~~~~
../Core/Src/SSD1289.c:839:26: error: 'RCC_APB2Periph_TIM1' undeclared (first use in this function); did you mean 'RCC_AHB1Periph_GPIOA'?
   RCC_APB2PeriphClockCmd(RCC_APB2Periph_TIM1 , ENABLE);
                          ^~~~~~~~~~~~~~~~~~~
                          RCC_AHB1Periph_GPIOA
../Core/Src/SSD1289.c:840:24: error: request for member 'TIM_Prescaler' in something not a structure or union
   TIM_TimeBaseStructure.TIM_Prescaler = 0;
                        ^
../Core/Src/SSD1289.c:841:24: error: request for member 'TIM_CounterMode' in something not a structure or union
   TIM_TimeBaseStructure.TIM_CounterMode = TIM_CounterMode_Up;
                        ^
../Core/Src/SSD1289.c:841:43: error: 'TIM_CounterMode_Up' undeclared (first use in this function)
   TIM_TimeBaseStructure.TIM_CounterMode = TIM_CounterMode_Up;
                                           ^~~~~~~~~~~~~~~~~~
../Core/Src/SSD1289.c:842:24: error: request for member 'TIM_Period' in something not a structure or union
   TIM_TimeBaseStructure.TIM_Period = TimerPeriod;
                        ^
../Core/Src/SSD1289.c:843:24: error: request for member 'TIM_ClockDivision' in something not a structure or union
   TIM_TimeBaseStructure.TIM_ClockDivision = 0;
                        ^
../Core/Src/SSD1289.c:844:24: error: request for member 'TIM_RepetitionCounter' in something not a structure or union
   TIM_TimeBaseStructure.TIM_RepetitionCounter = 0;
                        ^
../Core/Src/SSD1289.c:845:3: warning: implicit declaration of function 'TIM_TimeBaseInit'; did you mean 'TIM_DMABase_OR2'? [-Wimplicit-function-declaration]
   TIM_TimeBaseInit(TIM1, &TIM_TimeBaseStructure);
   ^~~~~~~~~~~~~~~~
   TIM_DMABase_OR2
../Core/Src/SSD1289.c:846:22: error: request for member 'TIM_OCMode' in something not a structure or union
   TIM_OCInitStructure.TIM_OCMode = TIM_OCMode_PWM2;
                      ^
../Core/Src/SSD1289.c:846:36: error: 'TIM_OCMode_PWM2' undeclared (first use in this function); did you mean 'TIM_CCMR2_OC3M_2'?
   TIM_OCInitStructure.TIM_OCMode = TIM_OCMode_PWM2;
                                    ^~~~~~~~~~~~~~~
                                    TIM_CCMR2_OC3M_2
../Core/Src/SSD1289.c:847:22: error: request for member 'TIM_OutputState' in something not a structure or union
   TIM_OCInitStructure.TIM_OutputState = TIM_OutputState_Enable;
                      ^
../Core/Src/SSD1289.c:847:41: error: 'TIM_OutputState_Enable' undeclared (first use in this function)
   TIM_OCInitStructure.TIM_OutputState = TIM_OutputState_Enable;
                                         ^~~~~~~~~~~~~~~~~~~~~~
../Core/Src/SSD1289.c:848:22: error: request for member 'TIM_OutputNState' in something not a structure or union
   TIM_OCInitStructure.TIM_OutputNState = TIM_OutputNState_Enable;
                      ^
../Core/Src/SSD1289.c:848:42: error: 'TIM_OutputNState_Enable' undeclared (first use in this function); did you mean 'TIM_OutputState_Enable'?
   TIM_OCInitStructure.TIM_OutputNState = TIM_OutputNState_Enable;
                                          ^~~~~~~~~~~~~~~~~~~~~~~
                                          TIM_OutputState_Enable
../Core/Src/SSD1289.c:849:22: error: request for member 'TIM_OCPolarity' in something not a structure or union
   TIM_OCInitStructure.TIM_OCPolarity = TIM_OCPolarity_Low;
                      ^
../Core/Src/SSD1289.c:849:40: error: 'TIM_OCPolarity_Low' undeclared (first use in this function)
   TIM_OCInitStructure.TIM_OCPolarity = TIM_OCPolarity_Low;
                                        ^~~~~~~~~~~~~~~~~~
../Core/Src/SSD1289.c:850:22: error: request for member 'TIM_OCNPolarity' in something not a structure or union
   TIM_OCInitStructure.TIM_OCNPolarity = TIM_OCNPolarity_High;
                      ^
../Core/Src/SSD1289.c:850:41: error: 'TIM_OCNPolarity_High' undeclared (first use in this function); did you mean 'TIM_OCPolarity_Low'?
   TIM_OCInitStructure.TIM_OCNPolarity = TIM_OCNPolarity_High;
                                         ^~~~~~~~~~~~~~~~~~~~
                                         TIM_OCPolarity_Low
../Core/Src/SSD1289.c:851:22: error: request for member 'TIM_OCIdleState' in something not a structure or union
   TIM_OCInitStructure.TIM_OCIdleState = TIM_OCIdleState_Set;
                      ^
../Core/Src/SSD1289.c:851:41: error: 'TIM_OCIdleState_Set' undeclared (first use in this function)
   TIM_OCInitStructure.TIM_OCIdleState = TIM_OCIdleState_Set;
                                         ^~~~~~~~~~~~~~~~~~~
../Core/Src/SSD1289.c:852:22: error: request for member 'TIM_OCNIdleState' in something not a structure or union
   TIM_OCInitStructure.TIM_OCNIdleState = TIM_OCIdleState_Reset;
                      ^
../Core/Src/SSD1289.c:852:42: error: 'TIM_OCIdleState_Reset' undeclared (first use in this function); did you mean 'TIM_OCIdleState_Set'?
   TIM_OCInitStructure.TIM_OCNIdleState = TIM_OCIdleState_Reset;
                                          ^~~~~~~~~~~~~~~~~~~~~
                                          TIM_OCIdleState_Set
../Core/Src/SSD1289.c:853:22: error: request for member 'TIM_Pulse' in something not a structure or union
   TIM_OCInitStructure.TIM_Pulse = Channel3Pulse;
                      ^
../Core/Src/SSD1289.c:855:3: warning: implicit declaration of function 'TIM_Cmd'; did you mean 'TIM_Config'? [-Wimplicit-function-declaration]
   TIM_Cmd(TIM1, ENABLE);
   ^~~~~~~
   TIM_Config
../Core/Src/SSD1289.c:856:3: warning: implicit declaration of function 'TIM_CtrlPWMOutputs' [-Wimplicit-function-declaration]
   TIM_CtrlPWMOutputs(TIM1, ENABLE);
   ^~~~~~~~~~~~~~~~~~
../Core/Src/SSD1289.c: In function 'LCD_WriteBMP':
../Core/Src/SSD1289.c:887:12: warning: unused variable 'i' [-Wunused-variable]
   uint16_t i;
            ^
make: *** [Core/Src/subdir.mk:44: Core/Src/SSD1289.o] Error 1
"make -j12 all" terminated with exit code 2. Build might be incomplete.

00:35:31 Build Failed. 131 errors, 12 warnings. (took 2s.458ms)

